Log started at 13.08.2025	01:32:53
Number of used processors (NPROC): 14.
Number of mesh partitions (NPART): 14.
Total Physical Memory = 111.99 Gb, Available Physical Memory = 99.94 Gb
Computer name:	MARCDNICHITBF25
Operating system:	Windows 11 (or higher) (Version 10.0.22631)

Commandline:	"C:\Program Files\SOLIDWORKS Corp\SOLIDWORKS Flow Simulation (3)\BINCFW\efdsolver.exe" /config:"Z:\Developer\MIT_Rkt_Team\Githubs\MIT_Rkt_Zephyrus_Aero\CFD\sldwrks\08.12.2025\39\Parametric Study 1\87\87.xmlconfig" /guid:5896bacc-9ba3-4acc-a852-4a6ff6b9ce42 /processors:14 /m /s /prjnamelm:"Flow Simulation 2025" /prjnamehabout:"Flow Simulation 2025" /companyname:"COSMOS Applications" /prjaliasid:1002 /lang:English /port:54243

SOLIDWORKS 2025 SP3.0
Flow Simulation 2025  x64 / 6784

Project: Z:\Developer\MIT_Rkt_Team\Githubs\MIT_Rkt_Zephyrus_Aero\CFD\sldwrks\08.12.2025\39\Parametric Study 1\87\87.xmlconfig
Configuration name: 2deg
Project name: 600ms2deg
Problem type: external-with-void-internal-space-type
Exclude cavities without flow conditions: ON
NGK: OFF
MBO: OFF
-----------------------------------------------------------------------
Mesher option run = eRunMesherNormal
-----------------------------------------------------------------------

Mesh generation started:	13.8.2025	1:32:53
-----------------------------------------------------------------------
Memory Working Set Current = 37.07 Mb, Memory Working Set Peak = 37.07 Mb
Memory Private Bytes Current = 18.03 Mb, Memory Private Bytes Peak = 18.03 Mb
Process Threads Number: 8
-----------------------------------------------------------------------
Mesher adjust APD = OFF; AdjustAPD_method=0; N_per_Channel = 0; N2_per_Channel = 0
Current CPU = 0 sec
-----------------------------------------------------------------------
Geometries initialization:
-----------------------------------------------------------------------
Loading mesh settings (global/local)...
-----------------------------------------------------------------------
Number of geometries from DB: 1
Geometry(0):
	Guid = {00000000-0000-0000-0000-000000000000}
	Fluid..
	1 Body.
	1 Real body.
	-- Bodyset 0 --
		Tolerance=4.69254e-05.
		171 Face(s).
			171 of b-spline type.
		0 Face(s) that have no ref faces
		104 Plane surface(s).
		46 Cylinder surface(s).
		2 Sphere surface(s).
		19 B- surface(s).
		9174 Triangle(s).
		Getting triangle connectivities from DB: 0.001 s
		505 Edge(s).
			505 of b-spline type.
		BodyGeom reading: 0.021 s.
		157 Reference Face(s).
		8860 Reference Triangles.
		Getting triangle connectivities from DB (Ref): 0.001 s
		BodyGeom Ref reading: 0.002 s.
Geometry(1):
	Solid.
	-- Bodyset 1 --
	Empty
-----------------------------------------------------------------------
Calculating t-connected sets:
BodySet (0):
		Number of t-connected sets:1 (cavity=0)
BodySet (1):
no log info (empty stream)

Calculating t-connected sets takes 0.002 s
-----------------------------------------------------------------------
Number of geometries in task: 2
	G : 0	Type: Fluid	Bodies: 1		Faces: 171		Edges: 505		Triangles: 9174
	G : 1	Type: Solid	Bodies: 0		Faces: 0		Edges: 0		Triangles: 0
Number of bodysets in task: 2

Bodies:     1
Faces:      171
Edges:      505
Triangles:  9174
-----------------------------------------------------------------------
BodySet (0):
	Making hash and connectivity for Bodyset ...
		CBodyGeom:
		Hashing triangles...Ok.
		Hash size: {50, 69, 50}.
		Mesh size: {50, 69, 50}.
			axis(0) tr sizes: average=27 max=502
			axis(1) tr sizes: average=45 max=440
			axis(2) tr sizes: average=27 max=425
		CBodyGeomRef:
		Hashing triangles...Ok.
		Hash size: {50, 69, 50}.
		Mesh size: {50, 69, 50}.
			axis(0) tr sizes: average=26 max=477
			axis(1) tr sizes: average=41 max=325
			axis(2) tr sizes: average=26 max=421
	0.0995 s.
Geometries reading and preparing has taken 0.138 s.
-----------------------------------------------------------------------
Mapped triangles:
Hashing rough geometry(bodies) triangulation:
BodySet (0):
	Triangles num=9174
	Triangles box={-0.0596308 ,0.222169 ,0.00163939 ,0.251639 ,0.0127521 ,0.292552}
		3d-hash size is 761856 bytes
BodySet (1):
no log info (empty stream)

MMP (mapped_tr): locals=3, allc_sz=5.25 MB (0.00 MB), used_sz=4.42 MB, blk_sz=(0.03 MB/1.59 MB), blks-min-max=3/17 (big 0/0)
Free work mem pool...OK (0.001 s)
Mapped triangles processed in 0.048 s.
-----------------------------------------------------------------------
-----------------------------------------------------------------------
Getting sectors:
Number of sectors: 0
-----------------------------------------------------------------------
Current CPU = 0 sec
-----------------------------------------------------------------------
Memory Working Set Current = 53.71 Mb, Memory Working Set Peak = 59.14 Mb
Memory Private Bytes Current = 38.12 Mb, Memory Private Bytes Peak = 44.73 Mb
Process Threads Number: 21
-----------------------------------------------------------------------
-----------------------------------------------------------------------
Checking faces on CD...
FCD = [0 0 0 0 0 0]
FCD_conflicts = 0
Time (check faces on CD)=0.010 s
-----------------------------------------------------------------------

-----------------------------------------------------------------------
Mesh dimensions:
				I[0 ]=50
				I[1 ]=69
				I[2 ]=50

Comp. domain size:
				a[0  ]=-0.899031
				a[1  ]=1.06157
				a[2  ]=-1.39736
				a[3  ]=1.09104
				a[4  ]=-0.826648
				a[5  ]=1.13195

Fluid calculated			1
Solid calculated			0
-----------------------------------------------------------------------
MESH Build started...
-----------------------------------------------------------------------
Mesh LEVEL = 1
-----------------------------------------------------------------------
-----------------------------------------------------------------------
CPT-mode xeps:
	D / dh / eps [axis=0] = (1.9606, 0.0127233, 1.27233e-05)
	D / dh / eps [axis=1] = (2.4884, 0.0129255, 1.29255e-05)
	D / dh / eps [axis=2] = (1.9586, 0.0127201, 1.27201e-05)
-----------------------------------------------------------------------
Initial allocation and brick-body-box intersection...OK (0.009 s)
Initial triangle brick intersection...OK (0.001 s)
Setting regions (172500 / 172500)...OK (0.002 s)
-----------------------------------------------------------------------
Base mesh info:
	3D task
	Nx=50
	Ny=69
	Nz=50
	N(Nx*Ny*Nz) = 3450
	Period    axis=[0, 0, 0]
	Symmetry  ni=[0 0 0 0 0 0]
	ZoomingBC ni=[0 0 0 0 0 0]
	Nx=50
		x[0]=-0.899031
		x[1]=-0.834604
		x[2]=-0.773271
		x[3]=-0.714863
		x[4]=-0.659241
		x[5]=-0.606273
		x[6]=-0.55583
		x[7]=-0.507794
		x[8]=-0.46205
		x[9]=-0.418487
		x[10]=-0.377002
		x[11]=-0.337496
		x[12]=-0.299874
		x[13]=-0.264047
		x[14]=-0.229929
		x[15]=-0.197438
		x[16]=-0.166497
		x[17]=-0.137032
		x[18]=-0.108973
		x[19]=-0.0822514
		x[20]=-0.0568048
		x[21]=-0.0291877
		x[22]=-0.00157129
		x[23]=0.0260451
		x[24]=0.0536615
		x[25]=0.0812779
		x[26]=0.108894
		x[27]=0.136511
		x[28]=0.164127
		x[29]=0.191744
		x[30]=0.21936
		x[31]=0.244806
		x[32]=0.271529
		x[33]=0.299589
		x[34]=0.329055
		x[35]=0.359997
		x[36]=0.392489
		x[37]=0.426609
		x[38]=0.462437
		x[39]=0.50006
		x[40]=0.539567
		x[41]=0.581053
		x[42]=0.624617
		x[43]=0.670363
		x[44]=0.718401
		x[45]=0.768844
		x[46]=0.821815
		x[47]=0.877438
		x[48]=0.935847
		x[49]=0.997182
		x[50]=1.06157
	Ny=69
		y[0]=-1.39736
		y[1]=-1.33096
		y[2]=-1.26777
		y[3]=-1.20761
		y[4]=-1.15035
		y[5]=-1.09584
		y[6]=-1.04395
		y[7]=-0.994553
		y[8]=-0.947531
		y[9]=-0.902769
		y[10]=-0.860159
		y[11]=-0.819596
		y[12]=-0.780983
		y[13]=-0.744227
		y[14]=-0.709236
		y[15]=-0.675928
		y[16]=-0.644221
		y[17]=-0.614037
		y[18]=-0.585305
		y[19]=-0.557953
		y[20]=-0.530569
		y[21]=-0.503185
		y[22]=-0.475801
		y[23]=-0.448417
		y[24]=-0.421033
		y[25]=-0.393649
		y[26]=-0.366265
		y[27]=-0.338881
		y[28]=-0.311497
		y[29]=-0.284113
		y[30]=-0.256729
		y[31]=-0.229345
		y[32]=-0.201961
		y[33]=-0.174577
		y[34]=-0.147193
		y[35]=-0.119809
		y[36]=-0.0924252
		y[37]=-0.0650412
		y[38]=-0.0376572
		y[39]=-0.0102732
		y[40]=0.0171108
		y[41]=0.0444948
		y[42]=0.0718788
		y[43]=0.0992628
		y[44]=0.126647
		y[45]=0.152498
		y[46]=0.178349
		y[47]=0.204201
		y[48]=0.230052
		y[49]=0.255904
		y[50]=0.281755
		y[51]=0.307606
		y[52]=0.3352
		y[53]=0.364201
		y[54]=0.394681
		y[55]=0.426714
		y[56]=0.460381
		y[57]=0.495764
		y[58]=0.532951
		y[59]=0.572034
		y[60]=0.613109
		y[61]=0.656279
		y[62]=0.70165
		y[63]=0.749333
		y[64]=0.799448
		y[65]=0.852119
		y[66]=0.907474
		y[67]=0.965652
		y[68]=1.0268
		y[69]=1.09104
	Nz=50
		z[0]=-0.826648
		z[1]=-0.762218
		z[2]=-0.700877
		z[3]=-0.642463
		z[4]=-0.586836
		z[5]=-0.533865
		z[6]=-0.48342
		z[7]=-0.435383
		z[8]=-0.389639
		z[9]=-0.346077
		z[10]=-0.304594
		z[11]=-0.26509
		z[12]=-0.227472
		z[13]=-0.191648
		z[14]=-0.157535
		z[15]=-0.125049
		z[16]=-0.0941128
		z[17]=-0.0646532
		z[18]=-0.0365994
		z[19]=-0.00988431
		z[20]=0.015556
		z[21]=0.0429768
		z[22]=0.0703972
		z[23]=0.0978176
		z[24]=0.125238
		z[25]=0.152658
		z[26]=0.180079
		z[27]=0.207499
		z[28]=0.23492
		z[29]=0.26234
		z[30]=0.28976
		z[31]=0.315201
		z[32]=0.341917
		z[33]=0.369971
		z[34]=0.399431
		z[35]=0.430368
		z[36]=0.462855
		z[37]=0.49697
		z[38]=0.532794
		z[39]=0.570413
		z[40]=0.609918
		z[41]=0.651402
		z[42]=0.694965
		z[43]=0.74071
		z[44]=0.788748
		z[45]=0.839194
		z[46]=0.892167
		z[47]=0.947794
		z[48]=1.00621
		z[49]=1.06755
		z[50]=1.13195
-----------------------------------------------------------------------
Input_mesh_settings--------------------------------
Settings 0----------------
	Scope: GLOBAL
	Type:	------MESHER_SETTINGS----------
	RefAllCells           =0
	RefFluidCells         =0
	RefPartCells          =0
	RefSolidCells         =0
	l_SSFR(Capture crit)  =1
	l_curv(Curvature crit)=0
	l_tol(Tolerance crit) =0
	UseChannelRef         =1
	  NCR_method          =0
	  l_NCR               =1
	  N_gap               =10
	  Use d_NCR_min       =0
	  Use d_NCR_max       =0
	CloseThinSlotsHeight         =0
	--END_OF_MESHER_SETTINGS-------
End of input mesh settings-------------------------
-----------------------------------------------------------------------
Memory Working Set Current = 87.38 Mb, Memory Working Set Peak = 87.38 Mb
Memory Private Bytes Current = 79.93 Mb, Memory Private Bytes Peak = 79.93 Mb
Process Threads Number: 21
-----------------------------------------------------------------------
MMP (gbs): locals=3, allc_sz=8.41 MB (0.00 MB), used_sz=6.73 MB, blk_sz=(0.28 MB/1.12 MB), blks-min-max=5/7 (big 0/0)
MMP (cpt_rgs): locals=0, allc_sz=0.00 MB (0.00 MB), used_sz=0.00 MB, blk_sz=(0.00 MB/0.00 MB), blks-min-max=0/0 (big 0/0)
MMP (slv_rgs): locals=0, allc_sz=0.00 MB (0.00 MB), used_sz=0.00 MB, blk_sz=(0.00 MB/0.00 MB), blks-min-max=0/0 (big 0/0)
MMP (msh): locals=14, allc_sz=27.75 MB (0.00 MB), used_sz=19.74 MB, blk_sz=(0.04 MB/10.13 MB), blks-min-max=3/19 (big 0/0)
MMP (brx): locals=14, allc_sz=12.43 MB (0.00 MB), used_sz=11.86 MB, blk_sz=(0.06 MB/0.15 MB), blks-min-max=14/24 (big 0/0)
MMP (bcf): locals=0, allc_sz=0.00 MB (0.00 MB), used_sz=0.00 MB, blk_sz=(0.00 MB/0.00 MB), blks-min-max=0/0 (big 0/0)
MMP (xsl): locals=1, allc_sz=0.02 MB (0.00 MB), used_sz=0.00 MB, blk_sz=(0.02 MB/0.02 MB), blks-min-max=1/1 (big 0/0)
NxNyNz = [50, 69, 50]
base_dx=0.0381493; 
NxNyNz_reverse = [51, 65, 51]

-----------------------------------------------------------------------
Refining geometries:
-----------------------------------------------------------------------

-----------------------------------------------------------------------
Refining by triangulation...
Refinement input: 172500 bricks
	Checking crit (172500 / 172500)...96 marked (0.005 s)
	Time(refinement): 0.000 s
Setting regions (768 / 173172)...OK (0.028 s)
	Checking crit (0 / 173172)...0 marked (0.023 s)
Refinement result (1 iterations): 173172 bricks (0.066 s)
Refinement input: 173172 bricks
	Checking crit (172404 / 173172)...0 marked (0.004 s)
Refinement result (0 iterations): 173172 bricks (0.005 s)
Collecting and processing rays:
	Adding rays...OK (0.012 s)
	Adding flags...OK (0.002 s)
	new bricks = 173172 / 173172
	new rays   = 10159 (x=3706, y=2722, z=3731)
	Processing rays...
		Rays process: Total time: 0.021, count: 1, Average time: 0.021, Maximum time: 0.021
		Sort xstacks: Total time: 0.000, count: 1, Average time: 0.000, Maximum time: 0.000
		Put xstacks:  Total time: 0.000, count: 1, Average time: 0.000, Maximum time: 0.000
		Total:         0.022 s
	Correcting rays...
		Lame vertices: Total time: 0.004, count: 1, Average time: 0.004, Maximum time: 0.004
		Bad rays:      No data
		Emit rays:     No data
		Correct ray f: No data
		Undef:         Total time: 0.000, count: 1, Average time: 0.000, Maximum time: 0.000
		Sum:           Total time: 0.004, count: 1, Average time: 0.004, Maximum time: 0.004
		Total:         0.006 s
	Time (rays): 0.042 s
	Calls                873
	CorrectRay Calls     0
Capturing (173172 / 173172)...
Capturing takes (0.008 s)
Refining by triangulation takes 0.126 s
-----------------------------------------------------------------------

-----------------------------------------------------------------------
Refining 0 peculiar surfaces...
Collecting and processing rays:
	Adding rays...OK (0.000 s)
	Adding flags...OK (0.000 s)
	new bricks = 0 / 173172
	new rays   = 0 (x=0, y=0, z=0)
	Processing rays...
		Rays process: Total time: 0.000, count: 1, Average time: 0.000, Maximum time: 0.000
		Sort xstacks: Total time: 0.000, count: 1, Average time: 0.000, Maximum time: 0.000
		Put xstacks:  Total time: 0.000, count: 1, Average time: 0.000, Maximum time: 0.000
		Total:         0.001 s
	Correcting rays...
		Total:         0.000 s
	Time (rays): 0.003 s
	Calls                0
	CorrectRay Calls     0
Capturing (0 / 173172)...
Capturing takes (0.002 s)
0 surfaces refined
Refining peculiar surfaces takes 0.006 s
-----------------------------------------------------------------------

-----------------------------------------------------------------------
Base mesh 1 Refining...
Collecting and processing rays:
	Adding rays...OK (0.001 s)
	Adding flags...OK (0.001 s)
	new bricks = 0 / 173172
	new rays   = 0 (x=0, y=0, z=0)
	Processing rays...
		Rays process: Total time: 0.000, count: 1, Average time: 0.000, Maximum time: 0.000
		Sort xstacks: Total time: 0.000, count: 1, Average time: 0.000, Maximum time: 0.000
		Put xstacks:  Total time: 0.000, count: 1, Average time: 0.000, Maximum time: 0.000
		Total:         0.001 s
	Correcting rays...
		Total:         0.000 s
	Time (rays): 0.003 s
	Calls                0
	CorrectRay Calls     0
Capturing (0 / 173172)...
Capturing takes (0.001 s)
Refinement input: 173172 bricks
	Checking crit (172404 / 173172)...0 marked (0.002 s)
Refinement result (0 iterations): 173172 bricks (0.002 s)
-----------------------------------------------------------------------
Refining channels...
FYI: CNarrowChannelRefiner::RefineChannels_PRLL
Refinement input: 173172 bricks
	Time(refinement): 0.001 s
Setting regions (120 / 173277)...OK (0.002 s)
Refinement result (1 iterations): 173277 bricks (0.058 s)
Collecting and processing rays:
	Adding rays...OK (0.001 s)
	Adding flags...OK (0.000 s)
	new bricks = 120 / 173277
	new rays   = 41 (x=7, y=21, z=13)
	Processing rays...
		Rays process: Total time: 0.000, count: 1, Average time: 0.000, Maximum time: 0.000
		Sort xstacks: Total time: 0.000, count: 1, Average time: 0.000, Maximum time: 0.000
		Put xstacks:  Total time: 0.000, count: 1, Average time: 0.000, Maximum time: 0.000
		Total:         0.002 s
	Correcting rays...
		Lame vertices: Total time: 0.001, count: 1, Average time: 0.001, Maximum time: 0.001
		Bad rays:      No data
		Emit rays:     No data
		Correct ray f: No data
		Undef:         Total time: 0.000, count: 1, Average time: 0.000, Maximum time: 0.000
		Sum:           Total time: 0.001, count: 1, Average time: 0.001, Maximum time: 0.001
		Total:         0.002 s
	Time (rays): 0.006 s
	Calls                41
	CorrectRay Calls     0
Capturing (120 / 173277)...
Capturing takes (0.002 s)
FYI: m_iteration_count = 0
Level1 statistics:
     level1_cnt_plus[1]=120;		level1_cnt_minus[1]=0
     level1_cnt_plus[2]=0;		level1_cnt_minus[2]=0
     level1_cnt_plus[3]=0;		level1_cnt_minus[3]=0
     level1_cnt_plus[4]=0;		level1_cnt_minus[4]=0
     level1_cnt_plus[5]=0;		level1_cnt_minus[5]=0
     level1_cnt_plus[6]=0;		level1_cnt_minus[6]=0
     level1_cnt_plus[7]=0;		level1_cnt_minus[7]=0
     level1_cnt_plus[8]=0;		level1_cnt_minus[8]=0
     level1_cnt_plus[9]=0;		level1_cnt_minus[9]=0
FYI: m_iteration_count = 1
Level1 statistics:
     level1_cnt_plus[1]=120;		level1_cnt_minus[1]=0
     level1_cnt_plus[2]=0;		level1_cnt_minus[2]=0
     level1_cnt_plus[3]=0;		level1_cnt_minus[3]=0
     level1_cnt_plus[4]=0;		level1_cnt_minus[4]=0
     level1_cnt_plus[5]=0;		level1_cnt_minus[5]=0
     level1_cnt_plus[6]=0;		level1_cnt_minus[6]=0
     level1_cnt_plus[7]=0;		level1_cnt_minus[7]=0
     level1_cnt_plus[8]=0;		level1_cnt_minus[8]=0
     level1_cnt_plus[9]=0;		level1_cnt_minus[9]=0
Level1 statistics:
     level1_cnt_plus[1]=120;		level1_cnt_minus[1]=0
     level1_cnt_plus[2]=0;		level1_cnt_minus[2]=0
     level1_cnt_plus[3]=0;		level1_cnt_minus[3]=0
     level1_cnt_plus[4]=0;		level1_cnt_minus[4]=0
     level1_cnt_plus[5]=0;		level1_cnt_minus[5]=0
     level1_cnt_plus[6]=0;		level1_cnt_minus[6]=0
     level1_cnt_plus[7]=0;		level1_cnt_minus[7]=0
     level1_cnt_plus[8]=0;		level1_cnt_minus[8]=0
     level1_cnt_plus[9]=0;		level1_cnt_minus[9]=0

-----------------------------------------------------------------------
U-shapes refinement...
Refinement input: 173277 bricks
	Checking crit (172389 / 173277)...0 marked (0.007 s)
Refinement result (0 iterations): 173277 bricks (0.007 s)
Collecting and processing rays:
	Adding rays...OK (0.000 s)
	Adding flags...OK (0.000 s)
	new bricks = 0 / 173277
	new rays   = 0 (x=0, y=0, z=0)
	Processing rays...
		Rays process: Total time: 0.000, count: 1, Average time: 0.000, Maximum time: 0.000
		Sort xstacks: Total time: 0.000, count: 1, Average time: 0.000, Maximum time: 0.000
		Put xstacks:  Total time: 0.000, count: 1, Average time: 0.000, Maximum time: 0.000
		Total:         0.001 s
	Correcting rays...
		Total:         0.000 s
	Time (rays): 0.002 s
	Calls                0
	CorrectRay Calls     0
Capturing (0 / 173277)...
Capturing takes (0.001 s)
-----------------------------------------------------------------------
-----------------------------------------------------------------------
Equi Distant Refiner Objects:
-----------------------------------------------------------------------
-----------------------------------------------------------------------
Equi Distant Refiner:
Equi Distant Refiner takes 0.00 s
-----------------------------------------------------------------------
	Calls                0
	CorrectRay Calls     0

-----------------------------------------------------------------------
Refining geometries takes 0.250 s
-----------------------------------------------------------------------
-----------------------------------------------------------------------
Memory Working Set Current = 100.05 Mb, Memory Working Set Peak = 100.05 Mb
Memory Private Bytes Current = 103.27 Mb, Memory Private Bytes Peak = 103.27 Mb
Process Threads Number: 21
-----------------------------------------------------------------------
Defect ray count	0
-----------------------------------------------------------------------
CNarrowChannelRefiner::RedistributeLevel1_step_1_new: started...
	PrePass:                     120
	Distribute level_1 on level = 0
	Front spread algorithm. Partition count = 14
	Time (front spread): 0.001 s
	Groups count = 0
	Changed level 1 count = 0
	Distribute level_1 on level = 1
	Front spread algorithm. Partition count = 14
	Time (front spread): 0.002 s
	Groups count = 3
	Changed level 1 count = 0
	AfterPass:                   120
CNarrowChannelRefiner::RedistributeLevel1_step_1_new: finished in 0.006 s
Level1 statistics:
     level1_cnt_plus[1]=120;		level1_cnt_minus[1]=0
     level1_cnt_plus[2]=0;		level1_cnt_minus[2]=0
     level1_cnt_plus[3]=0;		level1_cnt_minus[3]=0
     level1_cnt_plus[4]=0;		level1_cnt_minus[4]=0
     level1_cnt_plus[5]=0;		level1_cnt_minus[5]=0
     level1_cnt_plus[6]=0;		level1_cnt_minus[6]=0
     level1_cnt_plus[7]=0;		level1_cnt_minus[7]=0
     level1_cnt_plus[8]=0;		level1_cnt_minus[8]=0
     level1_cnt_plus[9]=0;		level1_cnt_minus[9]=0
CNarrowChannelRefiner::RedistributeLevel1_step_2: started...
	PrePass(step2):                     120
	Brick chains count: 506
	Level 1 changed: 209 / 173277
	Sum (level 1 changed): 43
	AfterPass(step2):                   141
CNarrowChannelRefiner::RedistributeLevel1_step_2: finished in 0.018 s
Level1 statistics:
     level1_cnt_plus[1]=141;		level1_cnt_minus[1]=0
     level1_cnt_plus[2]=0;		level1_cnt_minus[2]=0
     level1_cnt_plus[3]=0;		level1_cnt_minus[3]=0
     level1_cnt_plus[4]=0;		level1_cnt_minus[4]=0
     level1_cnt_plus[5]=0;		level1_cnt_minus[5]=0
     level1_cnt_plus[6]=0;		level1_cnt_minus[6]=0
     level1_cnt_plus[7]=0;		level1_cnt_minus[7]=0
     level1_cnt_plus[8]=0;		level1_cnt_minus[8]=0
     level1_cnt_plus[9]=0;		level1_cnt_minus[9]=0
CNarrowChannelRefiner::RedistributeLevel1_step_3_new: started...
	PrePass(step3):                     141
	Distribute level_1 on level = 0
	Front spread algorithm. Partition count = 14
	Time (front spread): 0.010 s
	Groups count = 1
	Changed level 1 count = 0
	Distribute level_1 on level = 1
	Front spread algorithm. Partition count = 14
	Time (front spread): 0.001 s
	Groups count = 5
	Changed level 1 count = 447
	AfterPass(step3):                   588
CNarrowChannelRefiner::RedistributeLevel1_step_3_new: finished in 0.018 s
Level1 statistics:
     level1_cnt_plus[1]=141;		level1_cnt_minus[1]=447
     level1_cnt_plus[2]=0;		level1_cnt_minus[2]=0
     level1_cnt_plus[3]=0;		level1_cnt_minus[3]=0
     level1_cnt_plus[4]=0;		level1_cnt_minus[4]=0
     level1_cnt_plus[5]=0;		level1_cnt_minus[5]=0
     level1_cnt_plus[6]=0;		level1_cnt_minus[6]=0
     level1_cnt_plus[7]=0;		level1_cnt_minus[7]=0
     level1_cnt_plus[8]=0;		level1_cnt_minus[8]=0
     level1_cnt_plus[9]=0;		level1_cnt_minus[9]=0
MMP (ncr): locals=14, allc_sz=0.42 MB (0.00 MB), used_sz=0.30 MB, blk_sz=(0.02 MB/0.03 MB), blks-min-max=1/5 (big 0/0)
-----------------------------------------------------------------------
MSH format builder (Iteration 0)
-----------------------------------------------------------------------
Memory Working Set Current = 98.04 Mb, Memory Working Set Peak = 104.06 Mb
Memory Private Bytes Current = 102.39 Mb, Memory Private Bytes Peak = 107.23 Mb
Process Threads Number: 21
-----------------------------------------------------------------------
Total bricks count: 173277
-----------------------------------------------------------------------
MSH (Real Geometry) format constructor:
	Geom    Count = 2
	Bodyset Count = 2
	3D task
	Getting parser brick sets...OK (0.054 s)

	Min x-stack xeps = 9.13837e-08
	D / dh / eps [axis=0] = (1.9606, 0.0127233, 3.04612e-08)
	D / dh / eps [axis=1] = (2.4884, 0.0129255, 3.04612e-08)
	D / dh / eps [axis=2] = (1.9586, 0.0127201, 3.04612e-08)
	Time (xeps): 0.002 s
Level 1
	Set (0)  size: 444
	Set (0)  time: 0.024 s
	Set (1)  size: 444
	Set (1)  time: 0.007 s
Level 0
	Set (0)  size: 86195
	Set (0)  time: 0.067 s
	Set (1)  size: 86194
	Set (1)  time: 0.023 s

	Spread npq bricks...7 marked (0.001 s)

Result:
	Bricks number:                        173277

	Memory usage:                         1.803 MB
	Memory usage (per brick):             0.011 KB
	Construction time:                    0.182 s

	Topology features:
	------------------
	- High quality bricks                   99.98 % (173249)
	- Medium quality bricks                  0.02 % (28)
	- Bad quality bricks                     0.00 % (0)
	- NPQ bricks                             0.02 % (36)
	- Type-1 bricks                          0.33 % (574)
	- Ribs corrected bricks                  0.00 % (0)
	- Points with geom-info (bricks)         0.02 % (37)
	- Points with closest-info (bricks)      0.00 % (0)
	- Triangulated by center (bricks)        0.02 % (33)
	- Facet w-faces mergings (bricks)        0.00 % (0)
	- To refine (bricks)                     0.00 % (0)
	- Points-count                           0.00 % (0)
	- T-self-intersection-all (bricks)       0.00 % (0)
	- T-self-intersection-simple (bricks)    0.00 % (0)
	- T-self-intersection-complex (bricks)   0.00 % (0)
	- NPQ by reason 1 u-shape                0.00 % (7)
	- NPQ by reason 2 tri-by-ctr             0.00 % (1)
	- NPQ by reason 3 ray-correction         0.00 % (0)
	- NPQ by reason 4 t-self-intersection    0.00 % (0)
	- NPQ by reason 5 non-good               0.02 % (28)
	- NPQ by reason 6 npq-worker             0.00 % (0)

-----------------------------------------------------------------------
Memory Working Set Current = 110.52 Mb, Memory Working Set Peak = 110.52 Mb
Memory Private Bytes Current = 112.12 Mb, Memory Private Bytes Peak = 112.12 Mb
Process Threads Number: 21
-----------------------------------------------------------------------
-----------------------------------------------------------------------
msh-iterations: 1
-----------------------------------------------------------------------
high---q-brick-count =  99.98 % (173277 173249)
medium-q-brick-count =   0.02 % (173277 28)
bad----q-brick-count =   0.00 % (173277 0)
np-----q-brick-count =   0.02 % (173277 43)
-----------------------------------------------------------------------
Free brick parser storage...OK(0.003 s)
-----------------------------------------------------------------------
Memory Working Set Current = 108.21 Mb, Memory Working Set Peak = 110.57 Mb
Memory Private Bytes Current = 111.26 Mb, Memory Private Bytes Peak = 112.12 Mb
Process Threads Number: 21
-----------------------------------------------------------------------
-----------------------------------------------------------------------
MSH --> BCF format (Iteration 0)...
BCF collector...(remove mode=0)
	Time (alloc counter per brick): 0.019 s
	Brick    count: 173277
	Av.f all count: 173094
	Av.s all count: 803
	Av.f pid count: 607
	Av.s pid count: 587
	Faces fs count: 1789
	Faces ff count: 0
	Faces ss count: 0
	Faces bb count: 0
	Faces fe count: 18800
	Faces se count: 0
	Faces fw count: 20589
	Faces af count: 509967
	Faces as count: 2271
	Time (all count): 	0.036 s
	Time (bcf alloc): 	0.001 s
	Time (shifts alloc): 	0.009 s
	Time (shifts init): 	0.009 s
	Time (bcf fill): 	0.008 s
	Time (add av to faces): 0.001 s
	Time (add faces to av): 0.007 s
Time (bcf collect): 		0.085 s
	AV checker...
		Hole marker...
	Front spread algorithm. Partition count = 14
	Front spread algorithm. Partition count = 14
	Time (front spread): 0.008 s
	Time (front spread): 0.011 s
			Subdomains:               2.
			Subdomains (cond):        1.
			Time (subdomain constructors): 0.013 s.
			Time (potential-hole marking): 	0.001 s
	Front spread algorithm. Partition count = 14
	Time (front spread): 0.001 s
			Hole av set size = 0
			Hole checking...
			Time (hole checking): 0.000 s.
			0 av(s) are marked to fill 0 subdomain holes.
		Time (hole marker): 0.018 s.
	Time (check av): 	0.038 s
	Subdomain checker...
	Front spread algorithm. Partition count = 14
	Time (front spread): 0.006 s
		Subdomains construction time: 0.007 s.
		Subdomains sort time: 0.000 s.
			Subdomain 0 (geom_ind=0): 173090 av
			Subdomain 1 (geom_ind=0): 4 av
			Subdomain 2 (geom_ind=1): 803 av
		gi: 0, real bodies: 1
		gi: 0, subdomains:  2
		Defect subdomains by real bodies count: 1
		gi: 1, real bodies: 0
		gi: 1, subdomains:  1
		Defect subdomains: 1
	Time (check subdoms): 	0.012 s
Free bcf...            OK	Time=0.003 s
	Time (corr msh): 	0.025 s
	Bricks corrected: 4
Time (bcf iteration total): 	0.173 s
-----------------------------------------------------------------------
MSH --> BCF format (Iteration 1)...
BCF collector...(remove mode=0)
	Time (alloc counter per brick): 0.006 s
	Brick    count: 173277
	Av.f all count: 173090
	Av.s all count: 803
	Av.f pid count: 603
	Av.s pid count: 587
	Faces fs count: 1773
	Faces ff count: 0
	Faces ss count: 0
	Faces bb count: 0
	Faces fe count: 18800
	Faces se count: 0
	Faces fw count: 20573
	Faces af count: 509963
	Faces as count: 2275
	Time (all count): 	0.008 s
	Time (bcf alloc): 	0.001 s
	Time (shifts alloc): 	0.008 s
	Time (shifts init): 	0.008 s
	Time (bcf fill): 	0.011 s
	Time (add av to faces): 0.000 s
	Time (add faces to av): 0.008 s
Time (bcf collect): 		0.072 s
	AV checker...
		Hole marker...
	Front spread algorithm. Partition count = 14
	Front spread algorithm. Partition count = 14
	Time (front spread): 0.010 s
	Time (front spread): 0.010 s
			Subdomains:               1.
			Subdomains (cond):        1.
			Time (subdomain constructors): 0.010 s.
			Time (potential-hole marking): 	0.001 s
	Front spread algorithm. Partition count = 14
	Time (front spread): 0.001 s
			Hole av set size = 0
			Hole checking...
			Time (hole checking): 0.000 s.
			0 av(s) are marked to fill 0 subdomain holes.
		Time (hole marker): 0.015 s.
	Time (check av): 	0.039 s
	Subdomain checker...
	Front spread algorithm. Partition count = 14
	Time (front spread): 0.008 s
		Subdomains construction time: 0.008 s.
		Subdomains sort time: 0.000 s.
			Subdomain 0 (geom_ind=0): 173090 av
			Subdomain 1 (geom_ind=1): 803 av
		gi: 0, real bodies: 1
		gi: 0, subdomains:  1
		gi: 1, real bodies: 0
		gi: 1, subdomains:  1
		Defect subdomains: 0
	Time (check subdoms): 	0.106 s
Time (bcf iteration total): 	0.220 s
	Sum of fw-nb: 		2075
	Time (fw-nb): 		0.003 s
	Fixed mutual fw-nb:     2075 (bb: 0)
	Time (fw-nb mutual): 	0.002 s
	Time (fw-nb sort): 	0.000 s
	Fw-opt BEFORE total:    20573 (fs=1773, ff=0, ss=0)
	Fw-opt AFTER  total:    20308 (fs=1508, ff=0, ss=0, failed fw/br=0/0, big_curv=26, big_poly=2)
	Fw-opt RESULT:          265 (res/(fs+ff+ss) = 14.95 %)
	Time (fw-opt): 		0.004 s
	Time (fw-re-order): 	0.003 s
	Sum of fw-nb: 		40680
	Time (fw-nb): 		0.002 s
	Fixed mutual fw-nb:     40680 (bb: 0)
	Time (fw-nb mutual): 	0.004 s
	Time (fw-nb sort): 	0.001 s
	Time (rfd conservation): 	0.000 s
	Time (rfd correct): 	0.000 s
	Time (av convexity): 	0.001 s
	Time (av small volume): 0.001 s
	Time (diagonal fw-nb): 	0.017 s
	Fixed mutual fw-nb:     0 (bb: 0)
	Time (fw-nb mutual): 	0.002 s
	Time (fw-nb sort): 	0.001 s
	Front spread algorithm. Partition count = 14
	Time (front spread): 0.005 s
	Fluid subdomains: 1
	Faces fw-nb diff sd:    0
	Time (fw-nb diff sd): 	0.009 s
Time (bcf calc): 		0.070 s
-----------------------------------------------------------------------
Time (bcf total): 		0.463 s
-----------------------------------------------------------------------
bcf-iterations: 2
-----------------------------------------------------------------------
-----------------------------------------------------------------------
Mega-cv constructor for fluid...
	 0 av's is treated as thin
Relative size generator (threshold = 0.05)...
	Iteration 1 (small cluster count = 15)
	Iteration 2 (small cluster count = 3)
	Iteration 3 (small cluster count = 0)
	 10 mega-cv's generated
	 2 mega-cv's removed
Relative size generator is completed OK (0.007 s)
Apply fa-rules to mega-cv clusters fixes...
OK (0.000 s)
Convert clusters:
	 8 mega-cv's total
Mega-cv count: 8
Time (mega-cv fill): 	0.004 s
Time (mega-cv total): 	0.072 s
-----------------------------------------------------------------------
Mixing plane rotation regions: NO.
Sliding mesh rotation regions: NO.
Fluid/fluid faces: NO.
-----------------------------------------------------------------------
Memory Working Set Current = 144.09 Mb, Memory Working Set Peak = 176.64 Mb
Memory Private Bytes Current = 146.31 Mb, Memory Private Bytes Peak = 182.76 Mb
Process Threads Number: 21
-----------------------------------------------------------------------
----------------------------------------------------------
BCF --> BCF.GEOMSUBDOM (bridge arrays):
MESH (0):
	Front spread algorithm. Partition count = 14
	Time (front spread): 0.011 s
	Fluid Subdom Constructor: 1 subdom(s).
	Front spread algorithm. Partition count = 14
	Time (front spread): 0.001 s
	Solid Subdom Constructor: 1 subdom(s).
	Front spread algorithm. Partition count = 14
	Time (front spread): 0.001 s
	Net Asm Subdom Constructor: 0 subdom(s).
	GEOMSUBDOM (0): gi=0 Fluid av=173090 cv=173074 fa=509963 fw=20308 V=9.553074e+00
	Cache data...OK
	GEOMSUBDOM (1): gi=1 Solid av=803 cv=803 fa=2275 fw=1508 V=2.459153e-03
	Cache data...OK
	Setting nb of w-faces...OK (0.001 s).
	Correcting nb of w-faces...
	Time(correct_fw_nb)=0.002 s

MESH (0) checking:
	GEOMSUBDOM (0):fa_s=738.8561515627254721 fw_s=27.3629441024905375 fw_nb=163746
	              :d_const(75907)=6.72323e-09 d_linear(75228)=2.52049e-08
	GEOMSUBDOM (1):fa_s=0.3884852960880726 fw_s=0.1778072224905377 fw_nb=13370
	              :d_const(683)=4.11163e-09 d_linear(367)=8.69729e-09
MESH (0) checking: OK.
Time (MDS): 	0.215 s
----------------------------------------------------------
-----------------------------------------------------------------------
Memory Working Set Current = 206.38 Mb, Memory Working Set Peak = 206.38 Mb
Memory Private Bytes Current = 219.96 Mb, Memory Private Bytes Peak = 219.96 Mb
Process Threads Number: 21
-----------------------------------------------------------------------

-----------------------------------------------------------------------
BCF CHECKSUM DATA (Mesh 0):

WARNING! 10 w-face(s) without RefFacesData.
BRICK |Level1| Sum:               588
FACE_A Area Sum:   G.Fluid        738.8561515627245626
FACE_A Area Sum:   G.Solid        0.3884852960880726
FACE_W Area Sum:                  27.3629441024905411
FACE_W Nb   Sum:                  163746
FACE_W min curvatures sum:        -36926.92344284
FACE_W max curvatures sum:        1405873.23137474
AV Max Disbalance(Const) :        6.72323e-09 (cid=89103, t={53, 91, 50}, avid=88966, pid=445)
AV Max Disbalance(Linear):        3.19684e-07 (cid=85129, t={59, 82, 49}, avid=85077, pid=209)
-----------------------------------------------------------------------


-----------------------------------------------------------------------
MESHER TOPOLOGY DATA:

BRICKS: Total                 173277
BRICKS: Fluid                 173061
BRICKS: Fluid Partial         574
BRICKS: Type 1                574
BRICKS: Max AV number         4
BRICKS: |level1| sum          588


AV:     G.Total               173893
AV:     G.Fluid               173090
AV:     G.Solid               803

AV:     G.Fluid Thin Profile    0.01 % (12)
AV:     G.Solid Thin Profile    3.61 % (29)

AV:     G.Fluid Thin For Mega   0.00 % (0)
AV:     G.Solid Thin For Mega   0.75 % (6)

AV:     G.Fluid Non-Convex      0.20 % (349)
AV:     G.Solid Non-Convex     26.53 % (213)

AV:     G.Fluid Non-Ess-Convex      0.19 % (334)
AV:     G.Solid Non-Ess-Convex     25.28 % (203)

FACE_A: G.Fluid          (af) 509963 (partially opened 1278)
FACE_A: G.Solid          (as) 2275 (partially opened 1281)

FACE_W: G.Total                 20308       Brick/Bound
FACE_W: G.Fluid/Solid    (fs_g) 1508        0           
FACE_W: G.Fluid/Fluid    (ff_g) 0           0           
FACE_W: G.Solid/Solid    (ss_g) 0           0           
FACE_W: G.Fluid/Void     (fv_g) 0           0           
FACE_W: G.Fluid/External (fe_g) 18800
FACE_W: G.Solid/External (se_g) 0

AV/CV max fa count (on brick side):4
AV/CV max fw count:                4
AV/CV max fw poly count:           33

MEMORY: Total                   47.182 MB
MEMORY: Per Brick               0.279 KB
-----------------------------------------------------------------------

-----------------------------------------------------------------------
Connectivities information:
	Number of conns: 0
-----------------------------------------------------------------------
	Time (gap size): 	0.013 s
-----------------------------------------------------------------------
Memory Working Set Current = 205.48 Mb, Memory Working Set Peak = 206.38 Mb
Memory Private Bytes Current = 218.98 Mb, Memory Private Bytes Peak = 219.96 Mb
Process Threads Number: 21
-----------------------------------------------------------------------
-----------------------------------------------------------------------
Calculating curvature and tolerance criteria...
Curvature: min=0 (cid=0) max=3.14159 (cid=84974)
Tolerance: min=0 (cid=0) max=0.0173111 (cid=81914)
Calculating curvature and tolerance criteria takes 0.021 s
-----------------------------------------------------------------------
MESH Build(FS) finished. Time=1.394 s
-----------------------------------------------------------------------
Current CPU = 1 sec

Nx=50
Ny=69
Nz=50
Max BRICK Level=1
Mesh Level=1
-----------------CModelBodies2MeshMapper::CollectData started -------------------------------
	Time (collect mesh base data): 0.002 s.
	Time (collect model bodies mapping): 0.000 s.
	Time (collect positive bodies mapping): 0.000 s.
	Time (collect fluid bodies mapping): 0.001 s.
-----------------CModelBodies2MeshMapper Report -------------------------------
FluidDomains 1 SolidDomains 1 VoidDomains 0 
Domains RefIndexes
----------------- -------------------------------
	ModelBodies
Total resolved Bodies 0 BodySets 0

--------------------------------------------------------------------------
	Positive geometry Bodies
Total resolved Bodies 1 BodySets 1
BodySet 0
	Bodies list:
			#0	Name: ;	ID: 16770d57-b44f-42f0-a1b0-26ff6a02ebbe
	Domains list:mesh type	 (0, 1)		 0 


--------------------------------------------------------------------------
	Fluid regions
Total resolved Bodies 1 BodySets 1
BodySet 0	Material: Air; 
	Bodies list:
			#0	Name: ;	ID: 16770d57-b44f-42f0-a1b0-26ff6a02ebbe
	Domains list:mesh type	 (0, 1)		 0 


--------------------------------------------------------------------------
Collect data takes...0.063 s
-----------------CModelBodies2MeshMapper::CollectData finished successfully-------------------
Saving initial mesh in: Z:\Developer\MIT_Rkt_Team\Githubs\MIT_Rkt_Zephyrus_Aero\CFD\sldwrks\08.12.2025\39\Parametric Study 1\87\87.fld .
Storing results...
	Estimated CPT size=17.264 MB.
Write section 436 takes 0.001 s
Write section 101 takes 0.007 s
Write section 400 takes 0.011 s
Write section 437 takes 0.006 s
Write mesh/bricks section: 0.025 s
Write section 408 takes 0.012 s
Write section 427 takes 0.011 s
Write msh format: 0.022 s
Write section 406 takes 0.009 s
Write section 405 takes 0.003 s
Write section 401 takes 0.073 s
Write section 402 takes 0.056 s
Write section 407 takes 0.005 s
Write section 421 takes 0.020 s
Write section 404 takes 0.001 s
Write section 416 takes 0.005 s
Write section 411 takes 0.001 s
Write section 413 takes 0.000 s
Write section 432 takes 0.000 s
Write plain bcf: 0.177 s
Write section 448 takes 0.002 s
Write section 446 takes 0.000 s
Write section 516 takes 0.004 s
	Time (write bcf): 0.234 s
X_STACK_LIST::write_x_stack_list4: started...
X_STACK_LIST::write_x_stack_list4: finished in 0.010 s
Storing results takes 0.276 s
-----------------------------------------------------------------------
Memory Working Set Current = 220.56 Mb, Memory Working Set Peak = 221.71 Mb
Memory Private Bytes Current = 233.66 Mb, Memory Private Bytes Peak = 235.66 Mb
Process Threads Number: 21
-----------------------------------------------------------------------
Cleaning memory...
-----------------------------------------------------------------------
Start to free mesher data...
MMP (gbs): locals=3, allc_sz=8.41 MB (0.00 MB), used_sz=6.73 MB, blk_sz=(0.28 MB/1.12 MB), blks-min-max=5/7 (big 0/0)
MMP (cpt_rgs): locals=0, allc_sz=0.00 MB (0.00 MB), used_sz=0.00 MB, blk_sz=(0.00 MB/0.00 MB), blks-min-max=0/0 (big 0/0)
MMP (slv_rgs): locals=0, allc_sz=0.00 MB (0.00 MB), used_sz=0.00 MB, blk_sz=(0.00 MB/0.00 MB), blks-min-max=0/0 (big 0/0)
MMP (msh): locals=14, allc_sz=27.94 MB (0.00 MB), used_sz=19.85 MB, blk_sz=(0.04 MB/10.13 MB), blks-min-max=3/20 (big 0/0)
MMP (brx): locals=14, allc_sz=15.58 MB (0.00 MB), used_sz=14.98 MB, blk_sz=(0.08 MB/0.19 MB), blks-min-max=17/26 (big 0/0)
MMP (bcf): locals=14, allc_sz=85.22 MB (0.00 MB), used_sz=68.16 MB, blk_sz=(0.10 MB/9.17 MB), blks-min-max=7/30 (big 0/0)
MMP (xsl): locals=14, allc_sz=0.24 MB (0.00 MB), used_sz=0.04 MB, blk_sz=(0.02 MB/0.02 MB), blks-min-max=1/1 (big 0/0)
Free xsl...            OK	Time=0.003 s
Free ray collector...  OK	Time=0.000 s
Free ray intersector...OK	Time=0.000 s
Free body sets...      OK	Time=0.001 s
Free Geometry DB takes 0.000 s
Free mesh conn...      OK	Time=0.000 s
Free geomsd...         OK	Time=0.000 s
Free mbricks...        OK	Time=0.001 s
Free hash info...      OK	Time=0.002 s
Free bricks-x...       OK	Time=0.000 s
Free bcf...            OK	Time=0.002 s
Free mesh h...         OK	Time=0.000 s
Free bricks arr..      OK	Time=0.000 s
Free bricks tree...    OK	Time=0.000 s
Free mesh pools...     OK	Time=0.021 s
Free bodies mapper...  OK	Time=0.000 s
Free geom crits...     OK	Time=0.000 s
Free cpt regions...    OK	Time=0.001 s
Free peculiar surfs... OK	Time=0.000 s
Free sw-geometries...  OK	Time=0.000 s
Free mesher wrk data...OK	Time=0.000 s
Total free mesher data time: 0.039 s
-----------------------------------------------------------------------
Copying... OK
CPT size=2.056 MB (2155563 bytes).
Mesh generation normally finished at	13.8.2025	1:32:55
Mesher CPU = 2 sec
Mesher is finished at	13.8.2025	1:32:55
-----------------------------------------------------------------------
Memory Working Set Current = 82.70 Mb, Memory Working Set Peak = 221.71 Mb
Memory Private Bytes Current = 71.00 Mb, Memory Private Bytes Peak = 235.66 Mb
Process Threads Number: 21
-----------------------------------------------------------------------
Algebra Pool      : mem_usage = 2.12 Mb, allocated count = 0
-----------------------------------------------------------------------
Memory Working Set Current = 80.70 Mb, Memory Working Set Peak = 221.71 Mb
Memory Private Bytes Current = 68.93 Mb, Memory Private Bytes Peak = 235.66 Mb
Process Threads Number: 21
Process Threads Number Peak: 21
-----------------------------------------------------------------------
Log ended at 13.08.2025	01:32:55
