Log started at 12.08.2025	13:49:14
Number of used processors (NPROC): 14.
Number of mesh partitions (NPART): 14.
Total Physical Memory = 111.99 Gb, Available Physical Memory = 104.95 Gb
Computer name:	MARCDNICHITBF25
Operating system:	Windows 11 (or higher) (Version 10.0.22631)

Commandline:	"C:\Program Files\SOLIDWORKS Corp\SOLIDWORKS Flow Simulation (3)\BINCFW\efdsolver.exe" /config:"Z:\Developer\MIT_Rkt_Team\Githubs\MIT_Rkt_Zephyrus_Aero\CFD\sldwrks\08.12.2025\39\Parametric Study 1\1\1.xmlconfig" /guid:70a5315a-a7b1-40ec-b12c-6d8d15d8e136 /processors:14 /m /s /prjnamelm:"Flow Simulation 2025" /prjnamehabout:"Flow Simulation 2025" /companyname:"COSMOS Applications" /prjaliasid:1002 /lang:English /port:50538

SOLIDWORKS 2025 SP3.0
Flow Simulation 2025  x64 / 6784

Project: Z:\Developer\MIT_Rkt_Team\Githubs\MIT_Rkt_Zephyrus_Aero\CFD\sldwrks\08.12.2025\39\Parametric Study 1\1\1.xmlconfig
Configuration name: 2deg
Project name: 600ms2deg
Problem type: external-with-void-internal-space-type
Exclude cavities without flow conditions: ON
NGK: OFF
MBO: OFF
-----------------------------------------------------------------------
Mesher option run = eRunMesherNormal
-----------------------------------------------------------------------

Mesh generation started:	12.8.2025	13:49:14
-----------------------------------------------------------------------
Memory Working Set Current = 36.83 Mb, Memory Working Set Peak = 36.83 Mb
Memory Private Bytes Current = 17.96 Mb, Memory Private Bytes Peak = 17.96 Mb
Process Threads Number: 8
-----------------------------------------------------------------------
Base mesh dimensions were changed from (64, 89, 64) to (64, 88, 64)
Mesher adjust APD = OFF; AdjustAPD_method=0; N_per_Channel = 0; N2_per_Channel = 0
Current CPU = 0 sec
-----------------------------------------------------------------------
Geometries initialization:
-----------------------------------------------------------------------
Loading mesh settings (global/local)...
-----------------------------------------------------------------------
Number of geometries from DB: 1
Geometry(0):
	Guid = {00000000-0000-0000-0000-000000000000}
	Fluid..
	1 Body.
	1 Real body.
	-- Bodyset 0 --
		Tolerance=4.69254e-05.
		174 Face(s).
			174 of b-spline type.
		0 Face(s) that have no ref faces
		106 Plane surface(s).
		46 Cylinder surface(s).
		22 B- surface(s).
		9360 Triangle(s).
		Getting triangle connectivities from DB: 0.001 s
		509 Edge(s).
			509 of b-spline type.
		BodyGeom reading: 0.026 s.
		157 Reference Face(s).
		8921 Reference Triangles.
		Getting triangle connectivities from DB (Ref): 0.002 s
		BodyGeom Ref reading: 0.003 s.
Geometry(1):
	Solid.
	-- Bodyset 1 --
	Empty
-----------------------------------------------------------------------
Calculating t-connected sets:
BodySet (0):
		Number of t-connected sets:1 (cavity=0)
BodySet (1):
no log info (empty stream)

Calculating t-connected sets takes 0.001 s
-----------------------------------------------------------------------
Number of geometries in task: 2
	G : 0	Type: Fluid	Bodies: 1		Faces: 174		Edges: 509		Triangles: 9360
	G : 1	Type: Solid	Bodies: 0		Faces: 0		Edges: 0		Triangles: 0
Number of bodysets in task: 2

Bodies:     1
Faces:      174
Edges:      509
Triangles:  9360
-----------------------------------------------------------------------
BodySet (0):
	Making hash and connectivity for Bodyset ...
		CBodyGeom:
		Hashing triangles...Ok.
		Hash size: {64, 88, 64}.
		Mesh size: {64, 88, 64}.
			axis(0) tr sizes: average=21 max=544
			axis(1) tr sizes: average=28 max=484
			axis(2) tr sizes: average=21 max=553
		CBodyGeomRef:
		Hashing triangles...Ok.
		Hash size: {64, 88, 64}.
		Mesh size: {64, 88, 64}.
			axis(0) tr sizes: average=20 max=479
			axis(1) tr sizes: average=26 max=331
			axis(2) tr sizes: average=20 max=463
	0.0478 s.
Geometries reading and preparing has taken 0.092 s.
-----------------------------------------------------------------------
Mapped triangles:
Hashing rough geometry(bodies) triangulation:
BodySet (0):
	Triangles num=9360
	Triangles box={-0.0596308 ,0.222169 ,0.00163939 ,0.251639 ,0.0127521 ,0.292552}
		3d-hash size is 1526744 bytes
BodySet (1):
no log info (empty stream)

MMP (mapped_tr): locals=3, allc_sz=10.12 MB (0.00 MB), used_sz=7.63 MB, blk_sz=(0.04 MB/3.33 MB), blks-min-max=3/18 (big 0/0)
Free work mem pool...OK (0.001 s)
Mapped triangles processed in 0.064 s.
-----------------------------------------------------------------------
-----------------------------------------------------------------------
Getting sectors:
Number of sectors: 0
-----------------------------------------------------------------------
Current CPU = 0 sec
-----------------------------------------------------------------------
Memory Working Set Current = 55.02 Mb, Memory Working Set Peak = 63.67 Mb
Memory Private Bytes Current = 40.67 Mb, Memory Private Bytes Peak = 51.79 Mb
Process Threads Number: 21
-----------------------------------------------------------------------
-----------------------------------------------------------------------
Checking faces on CD...
FCD = [0 0 0 0 0 0]
FCD_conflicts = 0
Time (check faces on CD)=0.001 s
-----------------------------------------------------------------------

-----------------------------------------------------------------------
Mesh dimensions:
				I[0 ]=64
				I[1 ]=88
				I[2 ]=64

Comp. domain size:
				a[0  ]=-0.899031
				a[1  ]=1.06157
				a[2  ]=-1.39736
				a[3  ]=1.09104
				a[4  ]=-0.826648
				a[5  ]=1.13195

Fluid calculated			1
Solid calculated			0
-----------------------------------------------------------------------
MESH Build started...
-----------------------------------------------------------------------
Mesh LEVEL = 1
-----------------------------------------------------------------------
-----------------------------------------------------------------------
CPT-mode xeps:
	D / dh / eps [axis=0] = (1.9606, 0.00902795, 9.02795e-06)
	D / dh / eps [axis=1] = (2.4884, 0.00998073, 9.98073e-06)
	D / dh / eps [axis=2] = (1.9586, 0.0090261, 9.0261e-06)
-----------------------------------------------------------------------
Initial allocation and brick-body-box intersection...OK (0.010 s)
Initial triangle brick intersection...OK (0.002 s)
Setting regions (360448 / 360448)...OK (0.001 s)
-----------------------------------------------------------------------
Base mesh info:
	3D task
	Nx=64
	Ny=88
	Nz=64
	N(Nx*Ny*Nz) = 5632
	Period    axis=[0, 0, 0]
	Symmetry  ni=[0 0 0 0 0 0]
	ZoomingBC ni=[0 0 0 0 0 0]
	Nx=64
		x[0]=-0.899031
		x[1]=-0.842963
		x[2]=-0.789497
		x[3]=-0.738496
		x[4]=-0.689845
		x[5]=-0.643438
		x[6]=-0.59917
		x[7]=-0.556943
		x[8]=-0.516662
		x[9]=-0.478238
		x[10]=-0.441586
		x[11]=-0.406623
		x[12]=-0.373272
		x[13]=-0.341459
		x[14]=-0.311112
		x[15]=-0.282164
		x[16]=-0.25455
		x[17]=-0.228209
		x[18]=-0.203083
		x[19]=-0.179115
		x[20]=-0.156252
		x[21]=-0.134443
		x[22]=-0.113639
		x[23]=-0.0937943
		x[24]=-0.0748643
		x[25]=-0.0568071
		x[26]=-0.0370806
		x[27]=-0.0173546
		x[28]=0.00237143
		x[29]=0.0220974
		x[30]=0.0418234
		x[31]=0.0615494
		x[32]=0.0812754
		x[33]=0.101001
		x[34]=0.120727
		x[35]=0.140453
		x[36]=0.160179
		x[37]=0.179905
		x[38]=0.199631
		x[39]=0.219357
		x[40]=0.237413
		x[41]=0.256343
		x[42]=0.276187
		x[43]=0.29699
		x[44]=0.318799
		x[45]=0.341662
		x[46]=0.36563
		x[47]=0.390756
		x[48]=0.417097
		x[49]=0.444711
		x[50]=0.473659
		x[51]=0.504006
		x[52]=0.535821
		x[53]=0.569172
		x[54]=0.604136
		x[55]=0.64079
		x[56]=0.679215
		x[57]=0.719497
		x[58]=0.761726
		x[59]=0.805997
		x[60]=0.852406
		x[61]=0.901059
		x[62]=0.952064
		x[63]=1.00553
		x[64]=1.06157
	Ny=88
		y[0]=-1.39736
		y[1]=-1.33748
		y[2]=-1.28053
		y[3]=-1.22635
		y[4]=-1.17482
		y[5]=-1.12579
		y[6]=-1.07915
		y[7]=-1.03478
		y[8]=-0.992569
		y[9]=-0.952415
		y[10]=-0.914217
		y[11]=-0.877879
		y[12]=-0.843311
		y[13]=-0.810426
		y[14]=-0.779142
		y[15]=-0.749382
		y[16]=-0.721071
		y[17]=-0.694138
		y[18]=-0.668517
		y[19]=-0.644144
		y[20]=-0.620957
		y[21]=-0.5989
		y[22]=-0.577917
		y[23]=-0.557955
		y[24]=-0.53782
		y[25]=-0.517685
		y[26]=-0.497549
		y[27]=-0.477414
		y[28]=-0.457279
		y[29]=-0.437143
		y[30]=-0.417008
		y[31]=-0.396873
		y[32]=-0.376737
		y[33]=-0.356602
		y[34]=-0.336467
		y[35]=-0.316332
		y[36]=-0.296196
		y[37]=-0.276061
		y[38]=-0.255926
		y[39]=-0.23579
		y[40]=-0.215655
		y[41]=-0.19552
		y[42]=-0.175385
		y[43]=-0.155249
		y[44]=-0.135114
		y[45]=-0.114979
		y[46]=-0.0948434
		y[47]=-0.0747081
		y[48]=-0.0545728
		y[49]=-0.0344375
		y[50]=-0.0143022
		y[51]=0.00583309
		y[52]=0.0259684
		y[53]=0.0461037
		y[54]=0.066239
		y[55]=0.0863743
		y[56]=0.10651
		y[57]=0.126645
		y[58]=0.146752
		y[59]=0.166858
		y[60]=0.186965
		y[61]=0.207072
		y[62]=0.227178
		y[63]=0.247285
		y[64]=0.267392
		y[65]=0.287498
		y[66]=0.307605
		y[67]=0.327628
		y[68]=0.34868
		y[69]=0.370813
		y[70]=0.394083
		y[71]=0.418547
		y[72]=0.444268
		y[73]=0.471309
		y[74]=0.499739
		y[75]=0.529629
		y[76]=0.561053
		y[77]=0.594091
		y[78]=0.628826
		y[79]=0.665345
		y[80]=0.703738
		y[81]=0.744103
		y[82]=0.786541
		y[83]=0.831158
		y[84]=0.878066
		y[85]=0.927383
		y[86]=0.979232
		y[87]=1.03374
		y[88]=1.09104
	Nz=64
		z[0]=-0.826648
		z[1]=-0.770579
		z[2]=-0.717108
		z[3]=-0.666102
		z[4]=-0.617449
		z[5]=-0.571039
		z[6]=-0.526769
		z[7]=-0.48454
		z[8]=-0.444259
		z[9]=-0.405835
		z[10]=-0.369183
		z[11]=-0.334221
		z[12]=-0.300872
		z[13]=-0.26906
		z[14]=-0.238715
		z[15]=-0.209769
		z[16]=-0.182158
		z[17]=-0.15582
		z[18]=-0.130697
		z[19]=-0.106732
		z[20]=-0.0838722
		z[21]=-0.0620665
		z[22]=-0.0412663
		z[23]=-0.0214253
		z[24]=-0.00249916
		z[25]=0.0155543
		z[26]=0.0351406
		z[27]=0.0547266
		z[28]=0.0743126
		z[29]=0.0938986
		z[30]=0.113485
		z[31]=0.133071
		z[32]=0.152657
		z[33]=0.172243
		z[34]=0.191829
		z[35]=0.211415
		z[36]=0.231001
		z[37]=0.250587
		z[38]=0.270173
		z[39]=0.289759
		z[40]=0.307811
		z[41]=0.326736
		z[42]=0.346577
		z[43]=0.367376
		z[44]=0.389182
		z[45]=0.412041
		z[46]=0.436006
		z[47]=0.461129
		z[48]=0.487466
		z[49]=0.515077
		z[50]=0.544023
		z[51]=0.574369
		z[52]=0.606181
		z[53]=0.639531
		z[54]=0.674494
		z[55]=0.711147
		z[56]=0.749572
		z[57]=0.789854
		z[58]=0.832084
		z[59]=0.876356
		z[60]=0.922768
		z[61]=0.971424
		z[62]=1.02243
		z[63]=1.07591
		z[64]=1.13195
-----------------------------------------------------------------------
Input_mesh_settings--------------------------------
Settings 0----------------
	Scope: GLOBAL
	Type:	------MESHER_SETTINGS----------
	RefAllCells           =0
	RefFluidCells         =0
	RefPartCells          =0
	RefSolidCells         =0
	l_SSFR(Capture crit)  =1
	l_curv(Curvature crit)=0
	l_tol(Tolerance crit) =0
	UseChannelRef         =1
	  NCR_method          =0
	  l_NCR               =1
	  N_gap               =10
	  Use d_NCR_min       =0
	  Use d_NCR_max       =0
	CloseThinSlotsHeight         =0
	--END_OF_MESHER_SETTINGS-------
End of input mesh settings-------------------------
-----------------------------------------------------------------------
Memory Working Set Current = 124.38 Mb, Memory Working Set Peak = 124.38 Mb
Memory Private Bytes Current = 129.34 Mb, Memory Private Bytes Peak = 129.34 Mb
Process Threads Number: 21
-----------------------------------------------------------------------
MMP (gbs): locals=3, allc_sz=10.72 MB (0.00 MB), used_sz=8.01 MB, blk_sz=(0.36 MB/1.51 MB), blks-min-max=5/8 (big 0/0)
MMP (cpt_rgs): locals=0, allc_sz=0.00 MB (0.00 MB), used_sz=0.00 MB, blk_sz=(0.00 MB/0.00 MB), blks-min-max=0/0 (big 0/0)
MMP (slv_rgs): locals=0, allc_sz=0.00 MB (0.00 MB), used_sz=0.00 MB, blk_sz=(0.00 MB/0.00 MB), blks-min-max=0/0 (big 0/0)
MMP (msh): locals=14, allc_sz=59.80 MB (0.00 MB), used_sz=41.25 MB, blk_sz=(0.09 MB/21.17 MB), blks-min-max=3/28 (big 0/0)
MMP (brx): locals=14, allc_sz=25.98 MB (0.00 MB), used_sz=24.78 MB, blk_sz=(0.09 MB/0.30 MB), blks-min-max=18/31 (big 0/0)
MMP (bcf): locals=0, allc_sz=0.00 MB (0.00 MB), used_sz=0.00 MB, blk_sz=(0.00 MB/0.00 MB), blks-min-max=0/0 (big 0/0)
MMP (xsl): locals=1, allc_sz=0.02 MB (0.00 MB), used_sz=0.00 MB, blk_sz=(0.02 MB/0.02 MB), blks-min-max=1/1 (big 0/0)
NxNyNz = [64, 88, 64]
base_dx=0.0298383; 
NxNyNz_reverse = [66, 83, 66]

-----------------------------------------------------------------------
Refining geometries:
-----------------------------------------------------------------------

-----------------------------------------------------------------------
Refining by triangulation...
Refinement input: 360448 bricks
	Checking crit (360448 / 360448)...124 marked (0.010 s)
	Time(refinement): 0.000 s
Setting regions (992 / 361316)...OK (0.001 s)
	Checking crit (0 / 361316)...0 marked (0.001 s)
Refinement result (1 iterations): 361316 bricks (0.019 s)
Refinement input: 361316 bricks
	Checking crit (360324 / 361316)...0 marked (0.004 s)
Refinement result (0 iterations): 361316 bricks (0.004 s)
Collecting and processing rays:
	Adding rays...OK (0.018 s)
	Adding flags...OK (0.004 s)
	new bricks = 361316 / 361316
	new rays   = 16376 (x=5986, y=4368, z=6022)
	Processing rays...
		Rays process: Total time: 0.017, count: 1, Average time: 0.017, Maximum time: 0.017
		Sort xstacks: Total time: 0.000, count: 1, Average time: 0.000, Maximum time: 0.000
		Put xstacks:  Total time: 0.000, count: 1, Average time: 0.000, Maximum time: 0.000
		Total:         0.018 s
	Correcting rays...
		Lame vertices: Total time: 0.007, count: 1, Average time: 0.007, Maximum time: 0.007
		Bad rays:      No data
		Emit rays:     No data
		Correct ray f: No data
		Undef:         Total time: 0.000, count: 1, Average time: 0.000, Maximum time: 0.000
		Sum:           Total time: 0.007, count: 1, Average time: 0.007, Maximum time: 0.007
		Total:         0.009 s
	Time (rays): 0.050 s
	Calls                1380
	CorrectRay Calls     0
Capturing (361316 / 361316)...
Capturing takes (0.014 s)
Refining by triangulation takes 0.088 s
-----------------------------------------------------------------------

-----------------------------------------------------------------------
Refining 0 peculiar surfaces...
Collecting and processing rays:
	Adding rays...OK (0.001 s)
	Adding flags...OK (0.000 s)
	new bricks = 0 / 361316
	new rays   = 0 (x=0, y=0, z=0)
	Processing rays...
		Rays process: Total time: 0.000, count: 1, Average time: 0.000, Maximum time: 0.000
		Sort xstacks: Total time: 0.000, count: 1, Average time: 0.000, Maximum time: 0.000
		Put xstacks:  Total time: 0.000, count: 1, Average time: 0.000, Maximum time: 0.000
		Total:         0.001 s
	Correcting rays...
		Total:         0.000 s
	Time (rays): 0.004 s
	Calls                0
	CorrectRay Calls     0
Capturing (0 / 361316)...
Capturing takes (0.001 s)
0 surfaces refined
Refining peculiar surfaces takes 0.006 s
-----------------------------------------------------------------------

-----------------------------------------------------------------------
Base mesh 1 Refining...
Collecting and processing rays:
	Adding rays...OK (0.001 s)
	Adding flags...OK (0.000 s)
	new bricks = 0 / 361316
	new rays   = 0 (x=0, y=0, z=0)
	Processing rays...
		Rays process: Total time: 0.000, count: 1, Average time: 0.000, Maximum time: 0.000
		Sort xstacks: Total time: 0.000, count: 1, Average time: 0.000, Maximum time: 0.000
		Put xstacks:  Total time: 0.000, count: 1, Average time: 0.000, Maximum time: 0.000
		Total:         0.001 s
	Correcting rays...
		Total:         0.000 s
	Time (rays): 0.002 s
	Calls                0
	CorrectRay Calls     0
Capturing (0 / 361316)...
Capturing takes (0.001 s)
Refinement input: 361316 bricks
	Checking crit (360324 / 361316)...0 marked (0.001 s)
Refinement result (0 iterations): 361316 bricks (0.002 s)
-----------------------------------------------------------------------
Refining channels...
FYI: CNarrowChannelRefiner::RefineChannels_PRLL
Refinement input: 361316 bricks
	Time(refinement): 0.001 s
Setting regions (184 / 361477)...OK (0.001 s)
Refinement result (1 iterations): 361477 bricks (0.008 s)
Collecting and processing rays:
	Adding rays...OK (0.001 s)
	Adding flags...OK (0.000 s)
	new bricks = 184 / 361477
	new rays   = 60 (x=17, y=23, z=20)
	Processing rays...
		Rays process: Total time: 0.000, count: 1, Average time: 0.000, Maximum time: 0.000
		Sort xstacks: Total time: 0.000, count: 1, Average time: 0.000, Maximum time: 0.000
		Put xstacks:  Total time: 0.000, count: 1, Average time: 0.000, Maximum time: 0.000
		Total:         0.001 s
	Correcting rays...
		Lame vertices: Total time: 0.001, count: 1, Average time: 0.001, Maximum time: 0.001
		Bad rays:      No data
		Emit rays:     No data
		Correct ray f: No data
		Undef:         Total time: 0.000, count: 1, Average time: 0.000, Maximum time: 0.000
		Sum:           Total time: 0.001, count: 1, Average time: 0.001, Maximum time: 0.001
		Total:         0.004 s
	Time (rays): 0.006 s
	Calls                60
	CorrectRay Calls     0
Capturing (184 / 361477)...
Capturing takes (0.001 s)
FYI: m_iteration_count = 0
Level1 statistics:
     level1_cnt_plus[1]=184;		level1_cnt_minus[1]=0
     level1_cnt_plus[2]=0;		level1_cnt_minus[2]=0
     level1_cnt_plus[3]=0;		level1_cnt_minus[3]=0
     level1_cnt_plus[4]=0;		level1_cnt_minus[4]=0
     level1_cnt_plus[5]=0;		level1_cnt_minus[5]=0
     level1_cnt_plus[6]=0;		level1_cnt_minus[6]=0
     level1_cnt_plus[7]=0;		level1_cnt_minus[7]=0
     level1_cnt_plus[8]=0;		level1_cnt_minus[8]=0
     level1_cnt_plus[9]=0;		level1_cnt_minus[9]=0
FYI: m_iteration_count = 1
Level1 statistics:
     level1_cnt_plus[1]=184;		level1_cnt_minus[1]=0
     level1_cnt_plus[2]=0;		level1_cnt_minus[2]=0
     level1_cnt_plus[3]=0;		level1_cnt_minus[3]=0
     level1_cnt_plus[4]=0;		level1_cnt_minus[4]=0
     level1_cnt_plus[5]=0;		level1_cnt_minus[5]=0
     level1_cnt_plus[6]=0;		level1_cnt_minus[6]=0
     level1_cnt_plus[7]=0;		level1_cnt_minus[7]=0
     level1_cnt_plus[8]=0;		level1_cnt_minus[8]=0
     level1_cnt_plus[9]=0;		level1_cnt_minus[9]=0
Level1 statistics:
     level1_cnt_plus[1]=184;		level1_cnt_minus[1]=0
     level1_cnt_plus[2]=0;		level1_cnt_minus[2]=0
     level1_cnt_plus[3]=0;		level1_cnt_minus[3]=0
     level1_cnt_plus[4]=0;		level1_cnt_minus[4]=0
     level1_cnt_plus[5]=0;		level1_cnt_minus[5]=0
     level1_cnt_plus[6]=0;		level1_cnt_minus[6]=0
     level1_cnt_plus[7]=0;		level1_cnt_minus[7]=0
     level1_cnt_plus[8]=0;		level1_cnt_minus[8]=0
     level1_cnt_plus[9]=0;		level1_cnt_minus[9]=0

-----------------------------------------------------------------------
U-shapes refinement...
Refinement input: 361477 bricks
	Checking crit (360301 / 361477)...0 marked (0.008 s)
Refinement result (0 iterations): 361477 bricks (0.009 s)
Collecting and processing rays:
	Adding rays...OK (0.001 s)
	Adding flags...OK (0.000 s)
	new bricks = 0 / 361477
	new rays   = 0 (x=0, y=0, z=0)
	Processing rays...
		Rays process: Total time: 0.000, count: 1, Average time: 0.000, Maximum time: 0.000
		Sort xstacks: Total time: 0.000, count: 1, Average time: 0.000, Maximum time: 0.000
		Put xstacks:  Total time: 0.000, count: 1, Average time: 0.000, Maximum time: 0.000
		Total:         0.001 s
	Correcting rays...
		Total:         0.000 s
	Time (rays): 0.002 s
	Calls                0
	CorrectRay Calls     0
Capturing (0 / 361477)...
Capturing takes (0.001 s)
-----------------------------------------------------------------------
-----------------------------------------------------------------------
Equi Distant Refiner Objects:
-----------------------------------------------------------------------
-----------------------------------------------------------------------
Equi Distant Refiner:
Equi Distant Refiner takes 0.00 s
-----------------------------------------------------------------------
	Calls                0
	CorrectRay Calls     0

-----------------------------------------------------------------------
Refining geometries takes 0.163 s
-----------------------------------------------------------------------
-----------------------------------------------------------------------
Memory Working Set Current = 142.72 Mb, Memory Working Set Peak = 145.30 Mb
Memory Private Bytes Current = 157.93 Mb, Memory Private Bytes Peak = 160.57 Mb
Process Threads Number: 21
-----------------------------------------------------------------------
Defect ray count	0
-----------------------------------------------------------------------
CNarrowChannelRefiner::RedistributeLevel1_step_1_new: started...
	PrePass:                     184
	Distribute level_1 on level = 0
	Front spread algorithm. Partition count = 14
	Time (front spread): 0.002 s
	Groups count = 0
	Changed level 1 count = 0
	Distribute level_1 on level = 1
	Front spread algorithm. Partition count = 14
	Time (front spread): 0.003 s
	Groups count = 9
	Changed level 1 count = 0
	AfterPass:                   184
CNarrowChannelRefiner::RedistributeLevel1_step_1_new: finished in 0.007 s
Level1 statistics:
     level1_cnt_plus[1]=184;		level1_cnt_minus[1]=0
     level1_cnt_plus[2]=0;		level1_cnt_minus[2]=0
     level1_cnt_plus[3]=0;		level1_cnt_minus[3]=0
     level1_cnt_plus[4]=0;		level1_cnt_minus[4]=0
     level1_cnt_plus[5]=0;		level1_cnt_minus[5]=0
     level1_cnt_plus[6]=0;		level1_cnt_minus[6]=0
     level1_cnt_plus[7]=0;		level1_cnt_minus[7]=0
     level1_cnt_plus[8]=0;		level1_cnt_minus[8]=0
     level1_cnt_plus[9]=0;		level1_cnt_minus[9]=0
CNarrowChannelRefiner::RedistributeLevel1_step_2: started...
	PrePass(step2):                     184
	Brick chains count: 613
	Level 1 changed: 289 / 361477
	Sum (level 1 changed): 74
	AfterPass(step2):                   220
CNarrowChannelRefiner::RedistributeLevel1_step_2: finished in 0.028 s
Level1 statistics:
     level1_cnt_plus[1]=220;		level1_cnt_minus[1]=0
     level1_cnt_plus[2]=0;		level1_cnt_minus[2]=0
     level1_cnt_plus[3]=0;		level1_cnt_minus[3]=0
     level1_cnt_plus[4]=0;		level1_cnt_minus[4]=0
     level1_cnt_plus[5]=0;		level1_cnt_minus[5]=0
     level1_cnt_plus[6]=0;		level1_cnt_minus[6]=0
     level1_cnt_plus[7]=0;		level1_cnt_minus[7]=0
     level1_cnt_plus[8]=0;		level1_cnt_minus[8]=0
     level1_cnt_plus[9]=0;		level1_cnt_minus[9]=0
CNarrowChannelRefiner::RedistributeLevel1_step_3_new: started...
	PrePass(step3):                     220
	Distribute level_1 on level = 0
	Front spread algorithm. Partition count = 14
	Time (front spread): 0.058 s
	Groups count = 1
	Changed level 1 count = 0
	Distribute level_1 on level = 1
	Front spread algorithm. Partition count = 14
	Time (front spread): 0.009 s
	Groups count = 5
	Changed level 1 count = 832
	AfterPass(step3):                   1052
CNarrowChannelRefiner::RedistributeLevel1_step_3_new: finished in 0.087 s
Level1 statistics:
     level1_cnt_plus[1]=220;		level1_cnt_minus[1]=832
     level1_cnt_plus[2]=0;		level1_cnt_minus[2]=0
     level1_cnt_plus[3]=0;		level1_cnt_minus[3]=0
     level1_cnt_plus[4]=0;		level1_cnt_minus[4]=0
     level1_cnt_plus[5]=0;		level1_cnt_minus[5]=0
     level1_cnt_plus[6]=0;		level1_cnt_minus[6]=0
     level1_cnt_plus[7]=0;		level1_cnt_minus[7]=0
     level1_cnt_plus[8]=0;		level1_cnt_minus[8]=0
     level1_cnt_plus[9]=0;		level1_cnt_minus[9]=0
MMP (ncr): locals=14, allc_sz=0.54 MB (0.00 MB), used_sz=0.38 MB, blk_sz=(0.02 MB/0.03 MB), blks-min-max=1/5 (big 0/0)
-----------------------------------------------------------------------
MSH format builder (Iteration 0)
-----------------------------------------------------------------------
Memory Working Set Current = 142.18 Mb, Memory Working Set Peak = 150.76 Mb
Memory Private Bytes Current = 158.61 Mb, Memory Private Bytes Peak = 165.87 Mb
Process Threads Number: 21
-----------------------------------------------------------------------
Total bricks count: 361477
-----------------------------------------------------------------------
MSH (Real Geometry) format constructor:
	Geom    Count = 2
	Bodyset Count = 2
	3D task
	Getting parser brick sets...OK (0.029 s)

	Min x-stack xeps = 1.84617e-07
	D / dh / eps [axis=0] = (1.9606, 0.00902795, 6.1539e-08)
	D / dh / eps [axis=1] = (2.4884, 0.0100533, 6.1539e-08)
	D / dh / eps [axis=2] = (1.9586, 0.0090261, 6.1539e-08)
	Time (xeps): 0.002 s
Level 1
	Set (0)  size: 588
	Set (0)  time: 0.035 s
	Set (1)  size: 588
	Set (1)  time: 0.006 s
Level 0
	Set (0)  size: 180150
	Set (0)  time: 0.038 s
	Set (1)  size: 180151
	Set (1)  time: 0.036 s

	Spread npq bricks...8 marked (0.001 s)

Result:
	Bricks number:                        361477

	Memory usage:                         3.528 MB
	Memory usage (per brick):             0.010 KB
	Construction time:                    0.152 s

	Topology features:
	------------------
	- High quality bricks                   99.99 % (361448)
	- Medium quality bricks                  0.01 % (29)
	- Bad quality bricks                     0.00 % (0)
	- NPQ bricks                             0.01 % (36)
	- Type-1 bricks                          0.30 % (1077)
	- Ribs corrected bricks                  0.00 % (0)
	- Points with geom-info (bricks)         0.01 % (43)
	- Points with closest-info (bricks)      0.00 % (0)
	- Triangulated by center (bricks)        0.01 % (36)
	- Facet w-faces mergings (bricks)        0.00 % (0)
	- To refine (bricks)                     0.00 % (0)
	- Points-count                           0.00 % (0)
	- T-self-intersection-all (bricks)       0.00 % (0)
	- T-self-intersection-simple (bricks)    0.00 % (0)
	- T-self-intersection-complex (bricks)   0.00 % (0)
	- NPQ by reason 1 u-shape                0.00 % (4)
	- NPQ by reason 2 tri-by-ctr             0.00 % (3)
	- NPQ by reason 3 ray-correction         0.00 % (0)
	- NPQ by reason 4 t-self-intersection    0.00 % (0)
	- NPQ by reason 5 non-good               0.01 % (29)
	- NPQ by reason 6 npq-worker             0.00 % (0)

-----------------------------------------------------------------------
Memory Working Set Current = 154.21 Mb, Memory Working Set Peak = 154.21 Mb
Memory Private Bytes Current = 167.51 Mb, Memory Private Bytes Peak = 167.55 Mb
Process Threads Number: 21
-----------------------------------------------------------------------
-----------------------------------------------------------------------
msh-iterations: 1
-----------------------------------------------------------------------
high---q-brick-count =  99.99 % (361477 361448)
medium-q-brick-count =   0.01 % (361477 29)
bad----q-brick-count =   0.00 % (361477 0)
np-----q-brick-count =   0.01 % (361477 44)
-----------------------------------------------------------------------
Free brick parser storage...OK(0.002 s)
-----------------------------------------------------------------------
Memory Working Set Current = 149.18 Mb, Memory Working Set Peak = 154.21 Mb
Memory Private Bytes Current = 162.82 Mb, Memory Private Bytes Peak = 167.55 Mb
Process Threads Number: 21
-----------------------------------------------------------------------
-----------------------------------------------------------------------
MSH --> BCF format (Iteration 0)...
BCF collector...(remove mode=0)
	Time (alloc counter per brick): 0.006 s
	Brick    count: 361477
	Av.f all count: 361239
	Av.s all count: 1365
	Av.f pid count: 1117
	Av.s pid count: 1087
	Faces fs count: 2507
	Faces ff count: 0
	Faces ss count: 0
	Faces bb count: 0
	Faces fe count: 30720
	Faces se count: 0
	Faces fw count: 33227
	Faces af count: 1068392
	Faces as count: 3704
	Time (all count): 	0.010 s
	Time (bcf alloc): 	0.000 s
	Time (shifts alloc): 	0.015 s
	Time (shifts init): 	0.015 s
	Time (bcf fill): 	0.015 s
	Time (add av to faces): 0.001 s
	Time (add faces to av): 0.011 s
Time (bcf collect): 		0.069 s
	AV checker...
		Hole marker...
	Front spread algorithm. Partition count = 14
	Front spread algorithm. Partition count = 14
	Time (front spread): 0.021 s
	Time (front spread): 0.022 s
			Subdomains:               1.
			Subdomains (cond):        2.
			Time (subdomain constructors): 0.022 s.
			Time (potential-hole marking): 	0.003 s
	Front spread algorithm. Partition count = 14
	Time (front spread): 0.002 s
			Hole av set size = 0
			Hole checking...
			Time (hole checking): 0.000 s.
			0 av(s) are marked to fill 0 subdomain holes.
		Time (hole marker): 0.031 s.
	Time (check av): 	0.073 s
	Subdomain checker...
	Front spread algorithm. Partition count = 14
	Time (front spread): 0.012 s
		Subdomains construction time: 0.012 s.
		Subdomains sort time: 0.000 s.
			Subdomain 0 (geom_ind=0): 361239 av
			Subdomain 1 (geom_ind=1): 1365 av
		gi: 0, real bodies: 1
		gi: 0, subdomains:  1
		gi: 1, real bodies: 0
		gi: 1, subdomains:  1
		Defect subdomains: 0
	Time (check subdoms): 	0.017 s
Time (bcf iteration total): 	0.161 s
	Sum of fw-nb: 		2492
	Time (fw-nb): 		0.001 s
	Fixed mutual fw-nb:     2492 (bb: 0)
	Time (fw-nb mutual): 	0.002 s
	Time (fw-nb sort): 	0.001 s
	Fw-opt BEFORE total:    33227 (fs=2507, ff=0, ss=0)
	Fw-opt AFTER  total:    32881 (fs=2161, ff=0, ss=0, failed fw/br=3/0, big_curv=30, big_poly=0)
	Fw-opt RESULT:          346 (res/(fs+ff+ss) = 13.80 %)
	Time (fw-opt): 		0.006 s
	Time (fw-re-order): 	0.002 s
	Sum of fw-nb: 		65866
	Time (fw-nb): 		0.003 s
	Fixed mutual fw-nb:     65866 (bb: 0)
	Time (fw-nb mutual): 	0.005 s
	Time (fw-nb sort): 	0.001 s
	Time (rfd conservation): 	0.000 s
	Time (rfd correct): 	0.000 s
	Time (av convexity): 	0.001 s
	Time (av small volume): 0.001 s
	Time (diagonal fw-nb): 	0.023 s
	Fixed mutual fw-nb:     0 (bb: 0)
	Time (fw-nb mutual): 	0.003 s
	Time (fw-nb sort): 	0.001 s
	Front spread algorithm. Partition count = 14
	Time (front spread): 0.018 s
	Fluid subdomains: 1
	Faces fw-nb diff sd:    0
	Time (fw-nb diff sd): 	0.021 s
Time (bcf calc): 		0.079 s
-----------------------------------------------------------------------
Time (bcf total): 		0.241 s
-----------------------------------------------------------------------
bcf-iterations: 1
-----------------------------------------------------------------------
-----------------------------------------------------------------------
Mega-cv constructor for fluid...
	 1 av's is treated as thin
Relative size generator (threshold = 0.005)...
	Iteration 1 (small cluster count = 8)
	Iteration 2 (small cluster count = 5)
	Iteration 3 (small cluster count = 1)
	Iteration 4 (small cluster count = 0)
	 6 mega-cv's generated
	 2 mega-cv's removed
Relative size generator is completed OK (0.017 s)
Apply fa-rules to mega-cv clusters fixes...
	Fa-rule violation fixes:        2 of        2 (total cluster# =        6)
OK (0.002 s)
Convert clusters:
	 6 mega-cv's total
Mega-cv count: 6
Time (mega-cv fill): 	0.001 s
Time (mega-cv total): 	0.039 s
-----------------------------------------------------------------------
Mixing plane rotation regions: NO.
Sliding mesh rotation regions: NO.
Fluid/fluid faces: NO.
-----------------------------------------------------------------------
Memory Working Set Current = 222.88 Mb, Memory Working Set Peak = 292.85 Mb
Memory Private Bytes Current = 238.22 Mb, Memory Private Bytes Peak = 314.72 Mb
Process Threads Number: 21
-----------------------------------------------------------------------
----------------------------------------------------------
BCF --> BCF.GEOMSUBDOM (bridge arrays):
MESH (0):
	Front spread algorithm. Partition count = 14
	Time (front spread): 0.023 s
	Fluid Subdom Constructor: 1 subdom(s).
	Front spread algorithm. Partition count = 14
	Time (front spread): 0.001 s
	Solid Subdom Constructor: 1 subdom(s).
	Front spread algorithm. Partition count = 14
	Time (front spread): 0.001 s
	Net Asm Subdom Constructor: 0 subdom(s).
	GEOMSUBDOM (0): gi=0 Fluid av=361239 cv=361231 fa=1068392 fw=32881 V=9.553052e+00
	Cache data...OK
	GEOMSUBDOM (1): gi=1 Solid av=1365 cv=1365 fa=3704 fw=2161 V=2.481521e-03
	Cache data...OK
	Setting nb of w-faces...OK (0.002 s).
	Correcting nb of w-faces...
	Time(correct_fw_nb)=0.003 s

MESH (0) checking:
	GEOMSUBDOM (0):fa_s=948.1950118492293313 fw_s=27.3631448814383660 fw_nb=263736
	              :d_const(239395)=6.58378e-09 d_linear(211052)=1.74468e-08
	GEOMSUBDOM (1):fa_s=0.4703898134592003 fw_s=0.1780080014383646 fw_nb=18000
	              :d_const(1281)=8.80833e-09 d_linear(1281)=4.61961e-08
MESH (0) checking: OK.
Time (MDS): 	0.288 s
----------------------------------------------------------
-----------------------------------------------------------------------
Memory Working Set Current = 350.15 Mb, Memory Working Set Peak = 350.15 Mb
Memory Private Bytes Current = 391.17 Mb, Memory Private Bytes Peak = 391.21 Mb
Process Threads Number: 21
-----------------------------------------------------------------------

-----------------------------------------------------------------------
BCF CHECKSUM DATA (Mesh 0):

WARNING! 8 w-face(s) without RefFacesData.
BRICK |Level1| Sum:               1052
FACE_A Area Sum:   G.Fluid        948.1950118492329693
FACE_A Area Sum:   G.Solid        0.4703898134592003
FACE_W Area Sum:                  27.3631448814383660
FACE_W Nb   Sum:                  263736
FACE_W min curvatures sum:        -56459.81488800
FACE_W max curvatures sum:        1860853.85125351
AV Max Disbalance(Const) :        8.80833e-09 (cid=184826, t={69, 118, 64}, avid=362225, pid=779)
AV Max Disbalance(Linear):        1.78021e-07 (cid=178362, t={76, 106, 63}, avid=178305, pid=402)
-----------------------------------------------------------------------


-----------------------------------------------------------------------
MESHER TOPOLOGY DATA:

BRICKS: Total                 361477
BRICKS: Fluid                 361199
BRICKS: Fluid Partial         1077
BRICKS: Type 1                1077
BRICKS: Max AV number         3
BRICKS: |level1| sum          1052


AV:     G.Total               362604
AV:     G.Fluid               361239
AV:     G.Solid               1365

AV:     G.Fluid Thin Profile    0.00 % (10)
AV:     G.Solid Thin Profile    2.93 % (40)

AV:     G.Fluid Thin For Mega   0.00 % (1)
AV:     G.Solid Thin For Mega   0.37 % (5)

AV:     G.Fluid Non-Convex      0.13 % (477)
AV:     G.Solid Non-Convex     20.44 % (279)

AV:     G.Fluid Non-Ess-Convex      0.13 % (455)
AV:     G.Solid Non-Ess-Convex     19.19 % (262)

FACE_A: G.Fluid          (af) 1068392 (partially opened 2345)
FACE_A: G.Solid          (as) 3704 (partially opened 2314)

FACE_W: G.Total                 32881       Brick/Bound
FACE_W: G.Fluid/Solid    (fs_g) 2161        0           
FACE_W: G.Fluid/Fluid    (ff_g) 0           0           
FACE_W: G.Solid/Solid    (ss_g) 0           0           
FACE_W: G.Fluid/Void     (fv_g) 0           0           
FACE_W: G.Fluid/External (fe_g) 30720
FACE_W: G.Solid/External (se_g) 0

AV/CV max fa count (on brick side):4
AV/CV max fw count:                4
AV/CV max fw poly count:           28

MEMORY: Total                   97.068 MB
MEMORY: Per Brick               0.275 KB
-----------------------------------------------------------------------

-----------------------------------------------------------------------
Connectivities information:
	Number of conns: 0
-----------------------------------------------------------------------
	Time (gap size): 	0.030 s
-----------------------------------------------------------------------
Memory Working Set Current = 347.82 Mb, Memory Working Set Peak = 350.15 Mb
Memory Private Bytes Current = 388.57 Mb, Memory Private Bytes Peak = 391.21 Mb
Process Threads Number: 21
-----------------------------------------------------------------------
-----------------------------------------------------------------------
Calculating curvature and tolerance criteria...
Curvature: min=0 (cid=0) max=3.14159 (cid=178073)
Tolerance: min=0 (cid=0) max=0.00813392 (cid=184748)
Calculating curvature and tolerance criteria takes 0.025 s
-----------------------------------------------------------------------
MESH Build(FS) finished. Time=1.213 s
-----------------------------------------------------------------------
Current CPU = 1 sec

Nx=64
Ny=88
Nz=64
Max BRICK Level=1
Mesh Level=1
-----------------CModelBodies2MeshMapper::CollectData started -------------------------------
	Time (collect mesh base data): 0.001 s.
	Time (collect model bodies mapping): 0.000 s.
	Time (collect positive bodies mapping): 0.000 s.
	Time (collect fluid bodies mapping): 0.000 s.
-----------------CModelBodies2MeshMapper Report -------------------------------
FluidDomains 1 SolidDomains 1 VoidDomains 0 
Domains RefIndexes
----------------- -------------------------------
	ModelBodies
Total resolved Bodies 0 BodySets 0

--------------------------------------------------------------------------
	Positive geometry Bodies
Total resolved Bodies 1 BodySets 1
BodySet 0
	Bodies list:
			#0	Name: ;	ID: b05994e4-b789-4858-b12a-8b8ed4555a95
	Domains list:mesh type	 (0, 1)		 0 


--------------------------------------------------------------------------
	Fluid regions
Total resolved Bodies 1 BodySets 1
BodySet 0	Material: Air; 
	Bodies list:
			#0	Name: ;	ID: b05994e4-b789-4858-b12a-8b8ed4555a95
	Domains list:mesh type	 (0, 1)		 0 


--------------------------------------------------------------------------
Collect data takes...0.003 s
-----------------CModelBodies2MeshMapper::CollectData finished successfully-------------------
Saving initial mesh in: Z:\Developer\MIT_Rkt_Team\Githubs\MIT_Rkt_Zephyrus_Aero\CFD\sldwrks\08.12.2025\39\Parametric Study 1\1\1.fld .
Storing results...
	Estimated CPT size=35.486 MB.
Write section 436 takes 0.000 s
Write section 101 takes 0.001 s
Write section 400 takes 0.009 s
Write section 437 takes 0.011 s
Write mesh/bricks section: 0.021 s
Write section 408 takes 0.023 s
Write section 427 takes 0.007 s
Write msh format: 0.031 s
Write section 406 takes 0.009 s
Write section 405 takes 0.003 s
Write section 401 takes 0.118 s
Write section 402 takes 0.049 s
Write section 407 takes 0.003 s
Write section 421 takes 0.024 s
Write section 404 takes 0.003 s
Write section 416 takes 0.004 s
Write section 411 takes 0.001 s
Write section 413 takes 0.002 s
Write section 432 takes 0.000 s
Write plain bcf: 0.220 s
Write section 448 takes 0.007 s
Write section 446 takes 0.000 s
Write section 516 takes 0.000 s
	Time (write bcf): 0.280 s
X_STACK_LIST::write_x_stack_list4: started...
X_STACK_LIST::write_x_stack_list4: finished in 0.007 s
Storing results takes 0.313 s
-----------------------------------------------------------------------
Memory Working Set Current = 376.61 Mb, Memory Working Set Peak = 379.17 Mb
Memory Private Bytes Current = 417.07 Mb, Memory Private Bytes Peak = 421.22 Mb
Process Threads Number: 21
-----------------------------------------------------------------------
Cleaning memory...
-----------------------------------------------------------------------
Start to free mesher data...
MMP (gbs): locals=3, allc_sz=10.72 MB (0.00 MB), used_sz=8.01 MB, blk_sz=(0.36 MB/1.51 MB), blks-min-max=5/8 (big 0/0)
MMP (cpt_rgs): locals=0, allc_sz=0.00 MB (0.00 MB), used_sz=0.00 MB, blk_sz=(0.00 MB/0.00 MB), blks-min-max=0/0 (big 0/0)
MMP (slv_rgs): locals=0, allc_sz=0.00 MB (0.00 MB), used_sz=0.00 MB, blk_sz=(0.00 MB/0.00 MB), blks-min-max=0/0 (big 0/0)
MMP (msh): locals=14, allc_sz=59.80 MB (0.00 MB), used_sz=41.40 MB, blk_sz=(0.09 MB/21.17 MB), blks-min-max=3/28 (big 0/0)
MMP (brx): locals=14, allc_sz=32.04 MB (0.00 MB), used_sz=30.87 MB, blk_sz=(0.13 MB/0.36 MB), blks-min-max=22/33 (big 0/0)
MMP (bcf): locals=14, allc_sz=176.82 MB (0.00 MB), used_sz=140.65 MB, blk_sz=(0.20 MB/19.22 MB), blks-min-max=8/42 (big 0/0)
MMP (xsl): locals=14, allc_sz=0.24 MB (0.00 MB), used_sz=0.07 MB, blk_sz=(0.02 MB/0.02 MB), blks-min-max=1/1 (big 0/0)
Free xsl...            OK	Time=0.000 s
Free ray collector...  OK	Time=0.000 s
Free ray intersector...OK	Time=0.000 s
Free body sets...      OK	Time=0.004 s
Free Geometry DB takes 0.000 s
Free mesh conn...      OK	Time=0.000 s
Free geomsd...         OK	Time=0.000 s
Free mbricks...        OK	Time=0.001 s
Free hash info...      OK	Time=0.001 s
Free bricks-x...       OK	Time=0.001 s
Free bcf...            OK	Time=0.005 s
Free mesh h...         OK	Time=0.000 s
Free bricks arr..      OK	Time=0.000 s
Free bricks tree...    OK	Time=0.000 s
Free mesh pools...     OK	Time=0.043 s
Free bodies mapper...  OK	Time=0.000 s
Free geom crits...     OK	Time=0.000 s
Free cpt regions...    OK	Time=0.000 s
Free peculiar surfs... OK	Time=0.000 s
Free sw-geometries...  OK	Time=0.002 s
Free mesher wrk data...OK	Time=0.000 s
Total free mesher data time: 0.063 s
-----------------------------------------------------------------------
Copying... OK
CPT size=3.630 MB (3806124 bytes).
Mesh generation normally finished at	12.8.2025	13:49:16
Mesher CPU = 2 sec
Mesher is finished at	12.8.2025	13:49:16
-----------------------------------------------------------------------
Memory Working Set Current = 100.14 Mb, Memory Working Set Peak = 379.17 Mb
Memory Private Bytes Current = 85.73 Mb, Memory Private Bytes Peak = 421.22 Mb
Process Threads Number: 21
-----------------------------------------------------------------------
Algebra Pool      : mem_usage = 4.31 Mb, allocated count = 0
-----------------------------------------------------------------------
Memory Working Set Current = 95.98 Mb, Memory Working Set Peak = 379.17 Mb
Memory Private Bytes Current = 81.46 Mb, Memory Private Bytes Peak = 421.22 Mb
Process Threads Number: 21
Process Threads Number Peak: 21
-----------------------------------------------------------------------
Log ended at 12.08.2025	13:49:16
